<?xml version="1.0" encoding="UTF-8"?>
<!-- Generated by org.testng.reporters.JUnitReportReporter -->
<testsuite hostname="Sandip" failures="0" tests="1" name="rahulshettyacademy.SwipeDemo" time="10.048" errors="0" timestamp="2024-01-07T16:29:36 IST" skipped="0">
  <testcase classname="rahulshettyacademy.SwipeDemo" name="SwipeDemoTest" time="10.048"/>
  <system-out/>
</testsuite> <!-- rahulshettyacademy.SwipeDemo -->
