<?xml version="1.0" encoding="UTF-8"?>
<!-- Generated by org.testng.reporters.JUnitReportReporter -->
<testsuite hostname="Sandip" failures="0" tests="1" name="rahulshettyacademy.LongPress" time="9.983" errors="0" timestamp="2024-01-07T16:17:58 IST" skipped="0">
  <testcase classname="rahulshettyacademy.LongPress" name="LongPressGesture" time="9.983"/>
  <system-out/>
</testsuite> <!-- rahulshettyacademy.LongPress -->
