<?xml version="1.0" encoding="UTF-8"?>
<!-- Generated by org.testng.reporters.JUnitReportReporter -->
<testsuite hostname="Sandip" failures="0" tests="1" name="rahulshettyacademy.MisceallanousAppiumActions" time="14.151" errors="0" timestamp="2024-01-07T16:18:38 IST" skipped="0">
  <testcase classname="rahulshettyacademy.MisceallanousAppiumActions" name="Miscellanous" time="14.151"/>
  <system-out/>
</testsuite> <!-- rahulshettyacademy.MisceallanousAppiumActions -->
