<?xml version="1.0" encoding="UTF-8"?>
<!-- Generated by org.testng.reporters.JUnitReportReporter -->
<testsuite hostname="Sandip" failures="0" tests="1" name="rahulshettyacademy.ScrollDemo" time="10.726" errors="0" timestamp="2024-01-07T16:28:59 IST" skipped="0">
  <testcase classname="rahulshettyacademy.ScrollDemo" name="ScrollDemoTest" time="10.726"/>
  <system-out/>
</testsuite> <!-- rahulshettyacademy.ScrollDemo -->
