<?xml version="1.0" encoding="UTF-8"?>
<!-- Generated by org.testng.reporters.JUnitReportReporter -->
<testsuite hostname="Sandip" failures="0" tests="1" name="rahulshettyacademy.AppiumBasics" time="10.241" errors="0" timestamp="2024-01-07T15:50:13 IST" skipped="0">
  <testcase classname="rahulshettyacademy.AppiumBasics" name="WifiSettingsName" time="10.241"/>
  <system-out/>
</testsuite> <!-- rahulshettyacademy.AppiumBasics -->
