<?xml version="1.0" encoding="UTF-8"?>
<!-- Generated by org.testng.reporters.JUnitReportReporter -->
<testsuite hostname="Sandip" failures="0" tests="1" name="rahulshettyacademy.DragDropDemo" time="8.704" errors="0" timestamp="2024-01-07T15:53:11 IST" skipped="0">
  <testcase classname="rahulshettyacademy.DragDropDemo" name="DragDropTest" time="8.704"/>
  <system-out/>
</testsuite> <!-- rahulshettyacademy.DragDropDemo -->
